/* limits.h */
/* float.h */
/* Produced by enquire version 5.1a, CWI, Amsterdam
   http://www.cwi.nl/~steven/enquire.html  */
/* Verification phase */

   /* Number of bits in a storage unit */
#define CHAR_BIT 8
   /* Maximum char */
#define CHAR_MAX 127
   /* Minimum char */
#define CHAR_MIN (-128)
   /* Maximum signed char */
#define SCHAR_MAX 127
   /* Minimum signed char */
#define SCHAR_MIN (-128)
   /* Maximum unsigned char (minimum is always 0) */
#define UCHAR_MAX 255
   /* Maximum short */
#define SHRT_MAX 32767
   /* Minimum short */
#define SHRT_MIN (-32768)
   /* Maximum int */
#define INT_MAX 2147483647
   /* Minimum int */
#define INT_MIN (-2147483647-1)
   /* Maximum long */
#define LONG_MAX 2147483647L
   /* Minimum long */
#define LONG_MIN (-2147483647L-1L)
   /* Maximum unsigned short (minimum is always 0) */
#define USHRT_MAX 65535
   /* Maximum unsigned int (minimum is always 0) */
#define UINT_MAX 4294967295
   /* Maximum unsigned long (minimum is always 0) */
#define ULONG_MAX 4294967295L
   /* Radix of exponent representation */
#define FLT_RADIX 2
   /* Number of base-FLT_RADIX digits in the significand of a float */
#define FLT_MANT_DIG 24
   /* Number of decimal digits of precision in a float */
#define FLT_DIG 6
   /* Addition rounds to 0: zero, 1: nearest, 2: +inf, 3: -inf, -1: unknown */
#define FLT_ROUNDS 1
   /* Difference between 1.0 and the minimum float greater than 1.0 */
#define FLT_EPSILON ((float)1.19209290e-07)
   /* Minimum int x such that FLT_RADIX**(x-1) is a normalised float */
#define FLT_MIN_EXP (-125)
   /* Minimum normalised float */
#define FLT_MIN ((float)1.17549435e-38)
   /* Minimum int x such that 10**x is a normalised float */
#define FLT_MIN_10_EXP (-37)
   /* Maximum int x such that FLT_RADIX**(x-1) is a representable float */
#define FLT_MAX_EXP 128
   /* Maximum float */
#define FLT_MAX ((float)3.40282347e+38)
   /* Maximum int x such that 10**x is a representable float */
#define FLT_MAX_10_EXP 38

   /* Number of base-FLT_RADIX digits in the significand of a double */
#define DBL_MANT_DIG 53
   /* Number of decimal digits of precision in a double */
#define DBL_DIG 15
   /* Difference between 1.0 and the minimum double greater than 1.0 */
#define DBL_EPSILON 2.2204460492503131e-16
   /* Minimum int x such that FLT_RADIX**(x-1) is a normalised double */
#define DBL_MIN_EXP (-1021)
   /* Minimum normalised double */
#define DBL_MIN 2.2250738585072014e-308
   /* Minimum int x such that 10**x is a normalised double */
#define DBL_MIN_10_EXP (-307)
   /* Maximum int x such that FLT_RADIX**(x-1) is a representable double */
#define DBL_MAX_EXP 1024
   /* Maximum double */
#define DBL_MAX 1.7976931348623157e+308
   /* Maximum int x such that 10**x is a representable double */
#define DBL_MAX_10_EXP 308

